2021-06-22 20:24:14 - Starting C:\Program Files\nodejs\node.exe  --harmony C:\shutdown\node_modules\node-windows\lib\wrapper.js --file C:\shutdown\server.js --scriptoptions= --log "Shutdown Remote Service wrapper" --grow 0.25 --wait 1 --maxrestarts 3 --abortonerror n --stopparentfirst undefined
2021-06-22 20:24:14 - Started 8920
2021-06-22 20:24:39 - Starting C:\Program Files\nodejs\node.exe  --harmony C:\shutdown\node_modules\node-windows\lib\wrapper.js --file C:\shutdown\server.js --scriptoptions= --log "Shutdown Remote Service wrapper" --grow 0.25 --wait 1 --maxrestarts 3 --abortonerror n --stopparentfirst undefined
2021-06-22 20:24:39 - Started 11916
2021-06-22 20:24:51 - Starting C:\Program Files\nodejs\node.exe  --harmony C:\shutdown\node_modules\node-windows\lib\wrapper.js --file C:\shutdown\server.js --scriptoptions= --log "Shutdown Remote Service wrapper" --grow 0.25 --wait 1 --maxrestarts 3 --abortonerror n --stopparentfirst undefined
2021-06-22 20:24:51 - Started 2612
2021-06-22 20:26:20 - Starting C:\Program Files\nodejs\node.exe  --harmony C:\shutdown\node_modules\node-windows\lib\wrapper.js --file C:\shutdown\server.js --scriptoptions= --log "Shutdown Remote Service wrapper" --grow 0.25 --wait 1 --maxrestarts 3 --abortonerror n --stopparentfirst undefined
2021-06-22 20:26:20 - Started 4856
2021-06-22 20:28:44 - Starting C:\Program Files\nodejs\node.exe  --harmony C:\shutdown\node_modules\node-windows\lib\wrapper.js --file C:\shutdown\server.js --scriptoptions= --log "Shutdown Remote Service wrapper" --grow 0.25 --wait 1 --maxrestarts 3 --abortonerror n --stopparentfirst undefined
2021-06-22 20:28:44 - Started 5084
2021-06-22 20:29:59 - Stopping shutdownremoteservice.exe
2021-06-22 20:29:59 - ProcessKill 5084
2021-06-22 20:29:59 - Found child process: 5096 Name: conhost.exe
2021-06-22 20:29:59 - Found child process: 5308 Name: node.exe
2021-06-22 20:29:59 - Stopping process 5096
2021-06-22 20:29:59 - Send SIGINT 5096
2021-06-22 20:29:59 - SIGINT to 5096 failed - Killing as fallback
2021-06-22 20:29:59 - Stopping process 5308
2021-06-22 20:29:59 - Send SIGINT 5308
2021-06-22 20:29:59 - SIGINT to 5308 failed - Killing as fallback
2021-06-22 20:29:59 - Stopping process 5084
2021-06-22 20:29:59 - Send SIGINT 5084
2021-06-22 20:29:59 - SIGINT to 5084 failed - Killing as fallback
2021-06-22 20:29:59 - Finished shutdownremoteservice.exe
2021-06-22 20:30:00 - Starting C:\Program Files\nodejs\node.exe  --harmony C:\shutdown\node_modules\node-windows\lib\wrapper.js --file C:\shutdown\server.js --scriptoptions= --log "Shutdown Remote Service wrapper" --grow 0.25 --wait 1 --maxrestarts 3 --abortonerror n --stopparentfirst undefined
2021-06-22 20:30:00 - Started 3940
2021-06-22 20:31:35 - Stopping shutdownremoteservice.exe
2021-06-22 20:31:35 - ProcessKill 3940
2021-06-22 20:31:35 - Shutdown exception
Message:O sistema está sendo desligado.

Stacktrace:   em System.Runtime.InteropServices.Marshal.ThrowExceptionForHRInternal(Int32 errorCode, IntPtr errorInfo)
   em System.Management.ManagementScope.InitializeGuts(Object o)
   em System.Management.ManagementScope.Initialize()
   em System.Management.ManagementObjectSearcher.Initialize()
   em System.Management.ManagementObjectSearcher.Get()
   em winsw.WrapperService.GetChildPids(Int32 pid)
   em winsw.WrapperService.StopProcessAndChildren(Int32 pid)
   em winsw.WrapperService.StopIt()
   em winsw.WrapperService.OnShutdown()
2021-06-22 20:32:06 - Starting C:\Program Files\nodejs\node.exe  --harmony C:\shutdown\node_modules\node-windows\lib\wrapper.js --file C:\shutdown\server.js --scriptoptions= --log "Shutdown Remote Service wrapper" --grow 0.25 --wait 1 --maxrestarts 3 --abortonerror n --stopparentfirst undefined
2021-06-22 20:32:06 - Started 4180
2021-06-22 20:35:53 - Stopping shutdownremoteservice.exe
2021-06-22 20:35:53 - ProcessKill 4180
2021-06-22 20:35:53 - Found child process: 4340 Name: conhost.exe
2021-06-22 20:35:53 - Found child process: 5384 Name: node.exe
2021-06-22 20:35:53 - Stopping process 4340
2021-06-22 20:35:53 - Send SIGINT 4340
2021-06-22 20:35:53 - SIGINT to 4340 failed - Killing as fallback
2021-06-22 20:35:53 - Stopping process 5384
2021-06-22 20:35:53 - Send SIGINT 5384
2021-06-22 20:35:53 - SIGINT to 5384 failed - Killing as fallback
2021-06-22 20:35:53 - Stopping process 4180
2021-06-22 20:35:53 - Send SIGINT 4180
2021-06-22 20:35:53 - SIGINT to 4180 failed - Killing as fallback
2021-06-22 20:35:53 - Finished shutdownremoteservice.exe
2021-06-22 20:35:55 - Starting C:\Program Files\nodejs\node.exe  --harmony C:\shutdown\node_modules\node-windows\lib\wrapper.js --file C:\shutdown\server.js --scriptoptions= --log "Shutdown Remote Service wrapper" --grow 0.25 --wait 1 --maxrestarts 3 --abortonerror n --stopparentfirst undefined
2021-06-22 20:35:55 - Started 10168
2021-06-22 20:38:32 - Stopping shutdownremoteservice.exe
2021-06-22 20:38:32 - ProcessKill 10168
2021-06-22 20:38:32 - Found child process: 1472 Name: conhost.exe
2021-06-22 20:38:32 - Found child process: 3896 Name: node.exe
2021-06-22 20:38:32 - Stopping process 1472
2021-06-22 20:38:32 - Send SIGINT 1472
2021-06-22 20:38:32 - SIGINT to 1472 failed - Killing as fallback
2021-06-22 20:38:32 - Stopping process 3896
2021-06-22 20:38:32 - Send SIGINT 3896
2021-06-22 20:38:32 - SIGINT to 3896 failed - Killing as fallback
2021-06-22 20:38:32 - Stopping process 10168
2021-06-22 20:38:32 - Send SIGINT 10168
2021-06-22 20:38:32 - SIGINT to 10168 failed - Killing as fallback
2021-06-22 20:38:32 - Finished shutdownremoteservice.exe
2021-06-22 20:38:33 - Starting C:\Program Files\nodejs\node.exe  --harmony C:\shutdown\node_modules\node-windows\lib\wrapper.js --file C:\shutdown\server.js --scriptoptions= --log "Shutdown Remote Service wrapper" --grow 0.25 --wait 1 --maxrestarts 3 --abortonerror n --stopparentfirst undefined
2021-06-22 20:38:34 - Started 5748
